Performing C SOURCE FILE Test CMAKE_HAVE_LIBC_PTHREAD failed with the following output:
Change Dir: /home/ubuntu/catkin_ws/build/CMakeFiles/CMakeTmp

Run Build Command(s):/usr/bin/make cmTC_27355/fast && /usr/bin/make -f CMakeFiles/cmTC_27355.dir/build.make CMakeFiles/cmTC_27355.dir/build
make[1]: ディレクトリ '/home/ubuntu/catkin_ws/build/CMakeFiles/CMakeTmp' に入ります
Building C object CMakeFiles/cmTC_27355.dir/src.c.o
/usr/bin/cc   -DCMAKE_HAVE_LIBC_PTHREAD   -o CMakeFiles/cmTC_27355.dir/src.c.o   -c /home/ubuntu/catkin_ws/build/CMakeFiles/CMakeTmp/src.c
Linking C executable cmTC_27355
/usr/bin/cmake -E cmake_link_script CMakeFiles/cmTC_27355.dir/link.txt --verbose=1
/usr/bin/cc  -DCMAKE_HAVE_LIBC_PTHREAD    -rdynamic CMakeFiles/cmTC_27355.dir/src.c.o  -o cmTC_27355 
/usr/bin/ld: CMakeFiles/cmTC_27355.dir/src.c.o: in function `main':
src.c:(.text+0x48): undefined reference to `pthread_create'
/usr/bin/ld: src.c:(.text+0x50): undefined reference to `pthread_detach'
/usr/bin/ld: src.c:(.text+0x5c): undefined reference to `pthread_join'
collect2: error: ld returned 1 exit status
make[1]: *** [CMakeFiles/cmTC_27355.dir/build.make:87: cmTC_27355] エラー 1
make[1]: ディレクトリ '/home/ubuntu/catkin_ws/build/CMakeFiles/CMakeTmp' から出ます
make: *** [Makefile:121: cmTC_27355/fast] エラー 2


Source file was:
#include <pthread.h>

void* test_func(void* data)
{
  return data;
}

int main(void)
{
  pthread_t thread;
  pthread_create(&thread, NULL, test_func, NULL);
  pthread_detach(thread);
  pthread_join(thread, NULL);
  pthread_atfork(NULL, NULL, NULL);
  pthread_exit(NULL);

  return 0;
}

Determining if the function pthread_create exists in the pthreads failed with the following output:
Change Dir: /home/ubuntu/catkin_ws/build/CMakeFiles/CMakeTmp

Run Build Command(s):/usr/bin/make cmTC_c6575/fast && /usr/bin/make -f CMakeFiles/cmTC_c6575.dir/build.make CMakeFiles/cmTC_c6575.dir/build
make[1]: ディレクトリ '/home/ubuntu/catkin_ws/build/CMakeFiles/CMakeTmp' に入ります
Building C object CMakeFiles/cmTC_c6575.dir/CheckFunctionExists.c.o
/usr/bin/cc   -DCHECK_FUNCTION_EXISTS=pthread_create   -o CMakeFiles/cmTC_c6575.dir/CheckFunctionExists.c.o   -c /usr/share/cmake-3.16/Modules/CheckFunctionExists.c
Linking C executable cmTC_c6575
/usr/bin/cmake -E cmake_link_script CMakeFiles/cmTC_c6575.dir/link.txt --verbose=1
/usr/bin/cc  -DCHECK_FUNCTION_EXISTS=pthread_create    -rdynamic CMakeFiles/cmTC_c6575.dir/CheckFunctionExists.c.o  -o cmTC_c6575  -lpthreads 
/usr/bin/ld: -lpthreads が見つかりません
collect2: error: ld returned 1 exit status
make[1]: *** [CMakeFiles/cmTC_c6575.dir/build.make:87: cmTC_c6575] エラー 1
make[1]: ディレクトリ '/home/ubuntu/catkin_ws/build/CMakeFiles/CMakeTmp' から出ます
make: *** [Makefile:121: cmTC_c6575/fast] エラー 2



